<?xml version="1.0" encoding="UTF-8"?>
<!-- Generated by org.testng.reporters.JUnitReportReporter -->
<testsuite skipped="0" hostname="dsr-PC" name="com.github.robinrrr10.main.AppTest" tests="2" failures="0" timestamp="23 Apr 2019 18:01:13 GMT" time="0.023" errors="0">
  <testcase name="testTrue" time="0.003" classname="com.github.robinrrr10.main.AppTest"/>
  <testcase name="testOne" time="0.020" classname="com.github.robinrrr10.main.AppTest"/>
</testsuite> <!-- com.github.robinrrr10.main.AppTest -->
